2019-07-25 07:46:55,327 CRIT Supervisor running as root (no user in config file)
2019-07-25 07:46:55,329 INFO Included extra file "/etc/supervisor/conf.d/supervisord.conf" during parsing
2019-07-25 07:46:55,411 INFO RPC interface 'supervisor' initialized
2019-07-25 07:46:55,412 CRIT Server 'unix_http_server' running without any HTTP authentication checking
2019-07-25 07:46:55,413 INFO supervisord started with pid 1
2019-07-25 07:46:56,424 INFO spawned: 'varnishd' with pid 16
2019-07-25 07:46:56,440 INFO spawned: 'php-fpm' with pid 17
2019-07-25 07:46:56,471 INFO spawned: 'varnish-plugins-watcher' with pid 18
2019-07-25 07:46:56,532 INFO spawned: 'nginx' with pid 19
2019-07-25 07:46:56,606 INFO spawned: 'MailHog' with pid 20
2019-07-25 07:46:56,685 INFO spawned: 'mysql' with pid 24
2019-07-25 07:46:56,730 INFO spawned: 'varnish-themes-watcher' with pid 25
2019-07-25 07:46:58,244 INFO success: varnishd entered RUNNING state, process has stayed up for > than 1 seconds (startsecs)
2019-07-25 07:46:58,250 INFO success: php-fpm entered RUNNING state, process has stayed up for > than 1 seconds (startsecs)
2019-07-25 07:46:58,251 INFO success: varnish-plugins-watcher entered RUNNING state, process has stayed up for > than 1 seconds (startsecs)
2019-07-25 07:46:58,253 INFO success: nginx entered RUNNING state, process has stayed up for > than 1 seconds (startsecs)
2019-07-25 07:46:58,254 INFO success: MailHog entered RUNNING state, process has stayed up for > than 1 seconds (startsecs)
2019-07-25 07:46:58,256 INFO success: mysql entered RUNNING state, process has stayed up for > than 1 seconds (startsecs)
2019-07-25 07:46:58,257 INFO success: varnish-themes-watcher entered RUNNING state, process has stayed up for > than 1 seconds (startsecs)
2019-07-25 08:22:47,833 INFO exited: varnishd (exit status 0; expected)
2019-07-25 08:22:48,856 INFO spawned: 'varnishd' with pid 2154
2019-07-25 08:22:49,874 INFO success: varnishd entered RUNNING state, process has stayed up for > than 1 seconds (startsecs)
2019-07-26 12:17:41,760 CRIT Supervisor running as root (no user in config file)
2019-07-26 12:17:41,762 INFO Included extra file "/etc/supervisor/conf.d/supervisord.conf" during parsing
2019-07-26 12:17:42,279 INFO RPC interface 'supervisor' initialized
2019-07-26 12:17:42,282 CRIT Server 'unix_http_server' running without any HTTP authentication checking
2019-07-26 12:17:42,286 INFO supervisord started with pid 1
2019-07-26 12:17:43,325 INFO spawned: 'varnishd' with pid 57
2019-07-26 12:17:43,372 INFO spawned: 'php-fpm' with pid 58
2019-07-26 12:17:43,455 INFO spawned: 'varnish-plugins-watcher' with pid 59
2019-07-26 12:17:43,506 INFO spawned: 'nginx' with pid 60
2019-07-26 12:17:43,629 INFO spawned: 'MailHog' with pid 63
2019-07-26 12:17:43,739 INFO spawned: 'mysql' with pid 65
2019-07-26 12:17:43,840 INFO spawned: 'varnish-themes-watcher' with pid 68
2019-07-26 12:17:44,417 INFO success: varnishd entered RUNNING state, process has stayed up for > than 1 seconds (startsecs)
2019-07-26 12:17:44,420 INFO success: php-fpm entered RUNNING state, process has stayed up for > than 1 seconds (startsecs)
2019-07-26 12:17:44,425 INFO success: varnish-plugins-watcher entered RUNNING state, process has stayed up for > than 1 seconds (startsecs)
2019-07-26 12:17:44,495 INFO success: nginx entered RUNNING state, process has stayed up for > than 1 seconds (startsecs)
2019-07-26 12:17:45,503 INFO success: MailHog entered RUNNING state, process has stayed up for > than 1 seconds (startsecs)
2019-07-26 12:17:45,505 INFO success: mysql entered RUNNING state, process has stayed up for > than 1 seconds (startsecs)
2019-07-26 12:17:45,507 INFO success: varnish-themes-watcher entered RUNNING state, process has stayed up for > than 1 seconds (startsecs)
2019-07-26 12:18:39,474 INFO exited: varnishd (exit status 0; expected)
2019-07-26 12:18:40,490 INFO spawned: 'varnishd' with pid 426
2019-07-26 12:18:41,496 INFO success: varnishd entered RUNNING state, process has stayed up for > than 1 seconds (startsecs)
